<?xml version="1.0" encoding="UTF-8"?>
<testng-results ignored="0" total="1" passed="1" failed="0" skipped="0">
  <reporter-output>
  </reporter-output>
  <suite started-at="2022-12-21T16:45:35 IST" name="Suite" finished-at="2022-12-21T16:45:35 IST" duration-ms="46">
    <groups>
    </groups>
    <test started-at="2022-12-21T16:45:35 IST" name="Test" finished-at="2022-12-21T16:45:35 IST" duration-ms="46">
      <class name="vTiger.Practice.ReadDataFromCmdLine">
        <test-method signature="readData()[pri:0, instance:vTiger.Practice.ReadDataFromCmdLine@5acf93bb]" started-at="2022-12-21T16:45:35 IST" name="readData" finished-at="2022-12-21T16:45:35 IST" duration-ms="12" status="PASS">
          <reporter-output>
          </reporter-output>
        </test-method> <!-- readData -->
      </class> <!-- vTiger.Practice.ReadDataFromCmdLine -->
    </test> <!-- Test -->
  </suite> <!-- Suite -->
</testng-results>
